<?xml version="1.0" encoding="UTF-8" ?>
<testsuite errors="0" failures="0" hostname="Rodsi7" name="ecalc.operations.DivisionTest" skipped="0" tests="4" time="0.028" timestamp="2017-02-24T04:34:27">
  <properties>
    <property name="default.javac.source" value="1.6" />
    <property name="file.encoding.pkg" value="sun.io" />
    <property name="libs.toplink.maven-pom" value="" />
    <property name="javac.source" value="1.5" />
    <property name="java.home" value="/usr/lib/jvm/java-6-oracle/jre" />
    <property name="test.src.dir" value="test" />
    <property name="libs.jaxws21.src" value="" />
    <property name="javadoc.version" value="false" />
    <property name="libs.CopyLibs.classpath" value="/home/rod/NetBeansProjects/ecalc/lib/CopyLibs/org-netbeans-modules-java-j2seproject-copylibstask.jar" />
    <property name="libs.javac-api.src" value="" />
    <property name="libraries.path" value="/home/rod/NetBeansProjects/ecalc/lib/nblibraries.properties" />
    <property name="java.endorsed.dirs" value="/usr/lib/jvm/java-6-oracle/jre/lib/endorsed" />
    <property name="libs.MySQLDriver.classpath" value="/home/rod/netbeans-6.8/ide12/modules/ext/mysql-connector-java-5.1.6-bin.jar" />
    <property name="libs.jaxb.javadoc" value="/home/rod/netbeans-6.8/ide12/docs/jaxb-api-doc.zip" />
    <property name="libs.junit.maven-pom" value="" />
    <property name="manifest.available+mkdist.available" value="true" />
    <property name="libs.PostgreSQLDriver.src" value="" />
    <property name="src.dir" value="src" />
    <property name="nbplatform.default.harness.dir" value="/home/rod/netbeans-6.8/harness" />
    <property name="debug-args-line" value="-Xdebug" />
    <property name="build.sysclasspath" value="ignore" />
    <property name="have.sources" value="true" />
    <property name="includes" value="**" />
    <property name="javac.fork" value="false" />
    <property name="source.encoding" value="UTF-8" />
    <property name="libs.jaxws21.classpath" value="/home/rod/netbeans-6.8/ide12/modules/ext/jaxb/activation.jar:/home/rod/netbeans-6.8/ide12/modules/ext/jaxb/api/jaxb-api.jar:/home/rod/netbeans-6.8/ide12/modules/ext/jaxb/jaxb-impl.jar:/home/rod/netbeans-6.8/ide12/modules/ext/jaxb/jaxb-xjc.jar:/home/rod/netbeans-6.8/ide12/modules/ext/jaxb/api/jsr173_api.jar:/home/rod/netbeans-6.8/java3/modules/ext/jaxws22/FastInfoset.jar:/home/rod/netbeans-6.8/java3/modules/ext/jaxws22/gmbal-api-only.jar:/home/rod/netbeans-6.8/java3/modules/ext/jaxws22/http.jar:/home/rod/netbeans-6.8/java3/modules/ext/jaxws22/api/jaxws-api.jar:/home/rod/netbeans-6.8/java3/modules/ext/jaxws22/jaxws-rt.jar:/home/rod/netbeans-6.8/java3/modules/ext/jaxws22/jaxws-tools.jar:/home/rod/netbeans-6.8/java3/modules/ext/jaxws22/api/jsr181-api.jar:/home/rod/netbeans-6.8/java3/modules/ext/jaxws22/api/jsr250-api.jar:/home/rod/netbeans-6.8/java3/modules/ext/jaxws22/management-api.jar:/home/rod/netbeans-6.8/java3/modules/ext/jaxws22/mimepull.jar:/home/rod/netbeans-6.8/java3/modules/ext/jaxws22/policy.jar:/home/rod/netbeans-6.8/java3/modules/ext/jaxws22/api/saaj-api.jar:/home/rod/netbeans-6.8/java3/modules/ext/jaxws22/saaj-impl.jar:/home/rod/netbeans-6.8/java3/modules/ext/jaxws22/stax-ex.jar:/home/rod/netbeans-6.8/java3/modules/ext/jaxws22/streambuffer.jar:/home/rod/netbeans-6.8/java3/modules/ext/jaxws22/woodstox.jar" />
    <property name="libs.swing-app-framework.javadoc" value="/home/rod/netbeans-6.8/java3/docs/appframework-1.0.3-doc.zip" />
    <property name="sun.os.patch.level" value="unknown" />
    <property name="java.vendor.url" value="http://java.sun.com/" />
    <property name="java.version" value="1.6.0_45" />
    <property name="javac.debug" value="true" />
    <property name="run.classpath" value=":build/classes" />
    <property name="libs.PostgreSQLDriver.maven-pom" value="" />
    <property name="java.vendor.url.bug" value="http://java.sun.com/cgi-bin/bugreport.cgi" />
    <property name="libs.eclipselink.javadoc" value="" />
    <property name="jaxbwiz.endorsed.dirs" value="/home/rod/netbeans-6.8/ide12/modules/ext/jaxb/api" />
    <property name="libs.absolutelayout.javadoc" value="" />
    <property name="libs.junit_4.maven-pom" value="" />
    <property name="ant.project.invoked-targets" value="test" />
    <property name="manifest.file" value="manifest.mf" />
    <property name="libs.swing-app-framework.maven-pom" value="" />
    <property name="user.name" value="rod" />
    <property name="manifest.available+main.class+mkdist.available" value="true" />
    <property name="empty.dir" value="/home/rod/NetBeansProjects/ecalc/build/empty" />
    <property name="sun.io.unicode.encoding" value="UnicodeLittle" />
    <property name="sun.jnu.encoding" value="UTF-8" />
    <property name="java.runtime.name" value="Java(TM) SE Runtime Environment" />
    <property name="application.vendor" value="rod" />
    <property name="main.class.available" value="true" />
    <property name="java.specification.name" value="Java Platform API Specification" />
    <property name="javadoc.author" value="false" />
    <property name="libs.hibernate-support.javadoc" value="" />
    <property name="user.timezone" value="" />
    <property name="ant.file.ecalc-impl" value="/home/rod/NetBeansProjects/ecalc/nbproject/build-impl.xml" />
    <property name="manifest.available" value="true" />
    <property name="libs.spring-framework.maven-pom" value="" />
    <property name="libs.swing-layout.maven-pom" value="" />
    <property name="libs.junit.javadoc" value="/home/rod/NetBeansProjects/ecalc/lib/junit/junit-3.8.2-api.zip" />
    <property name="path.separator" value=":" />
    <property name="version-output" value="java version &quot;1.6" />
    <property name="libs.ejb3-persistence.src" value="" />
    <property name="libs.absolutelayout.classpath" value="/home/rod/netbeans-6.8/java3/modules/ext/AbsoluteLayout.jar" />
    <property name="libs.jaxb.maven-pom" value="" />
    <property name="file.encoding" value="UTF-8" />
    <property name="libs.eclipselink.src" value="" />
    <property name="dist.javadoc.dir" value="dist/javadoc" />
    <property name="ant.file.type.ecalc" value="file" />
    <property name="ant.project.default-target" value="default" />
    <property name="libs.hibernate-persistence.javadoc" value="" />
    <property name="libs.ejb3-persistence.classpath" value="/home/rod/netbeans-6.8/java3/modules/ext/hibernate/ejb3-persistence.jar" />
    <property name="sun.java.command" value="org.apache.tools.ant.taskdefs.optional.junit.JUnitTestRunner ecalc.operations.DivisionTest skipNonTests=false filtertrace=true haltOnError=false haltOnFailure=false showoutput=true outputtoformatters=true logfailedtests=true logtestlistenerevents=false formatter=org.apache.tools.ant.taskdefs.optional.junit.BriefJUnitResultFormatter formatter=org.apache.tools.ant.taskdefs.optional.junit.XMLJUnitResultFormatter,/home/rod/NetBeansProjects/ecalc/build/test/results/TEST-ecalc.operations.DivisionTest.xml crashfile=/home/rod/NetBeansProjects/ecalc/build/junitvmwatcher4643184780785744973.properties propsfile=/home/rod/NetBeansProjects/ecalc/build/junit1402544648793782901.properties" />
    <property name="built-jar.properties" value="/home/rod/NetBeansProjects/ecalc/build/built-jar.properties" />
    <property name="libs.junit.src" value="" />
    <property name="ant.file" value="/home/rod/NetBeansProjects/ecalc/build.xml" />
    <property name="libs.junit_4.src" value="/home/rod/NetBeansProjects/ecalc/lib/junit_4/junit-4.5-src.jar" />
    <property name="do.jar" value="true" />
    <property name="java.io.tmpdir" value="/tmp" />
    <property name="build.test.results.dir" value="build/test/results" />
    <property name="user.language" value="en" />
    <property name="line.separator" value="&#xa;" />
    <property name="libs.absolutelayout.src" value="" />
    <property name="javac.compilerargs" value="" />
    <property name="ant.file.type" value="file" />
    <property name="libs.hibernate-support.maven-pom" value="" />
    <property name="jar.compress" value="false" />
    <property name="debug-transport-by-os" value="dt_socket" />
    <property name="libs.JWSAntTasks.src" value="" />
    <property name="libs.hibernate-persistence.maven-pom" value="" />
    <property name="java.vm.info" value="mixed mode" />
    <property name="libs.javac-api.maven-pom" value="" />
    <property name="javadoc.private" value="false" />
    <property name="sun.desktop" value="gnome" />
    <property name="java.vm.specification.name" value="Java Virtual Machine Specification" />
    <property name="build.test.classes.dir" value="build/test/classes" />
    <property name="libs.jaxb.src" value="" />
    <property name="libs.MySQLDriver.javadoc" value="" />
    <property name="manifest.available+main.class" value="true" />
    <property name="libs.beans-binding.javadoc" value="/home/rod/netbeans-6.8/java3/docs/beansbinding-1.2.1-doc.zip" />
    <property name="platform.active" value="default_platform" />
    <property name="libs.junit_4.javadoc" value="/home/rod/NetBeansProjects/ecalc/lib/junit_4/junit-4.5-api.zip" />
    <property name="endorsed.classpath" value="" />
    <property name="libs.spring-framework.src" value="" />
    <property name="libs.beans-binding.maven-pom" value="" />
    <property name="do.mkdist" value="true" />
    <property name="javadoc.encoding" value="UTF-8" />
    <property name="java.awt.printerjob" value="sun.print.PSPrinterJob" />
    <property name="dist.jar" value="dist/ecalc.jar" />
    <property name="meta.inf.dir" value="src/META-INF" />
    <property name="ant.version" value="Apache Ant(TM) version 1.9.3 compiled on April 8 2014" />
    <property name="javadoc.nonavbar" value="false" />
    <property name="user.properties.file" value="/home/rod/.netbeans/6.8/build.properties" />
    <property name="libs.JWSAntTasks.classpath" value="/home/rod/netbeans-6.8/java3/ant/extra/org-netbeans-modules-javawebstart-anttasks.jar" />
    <property name="libs.toplink.classpath" value="/home/rod/netbeans-6.8/java3/modules/ext/toplink/toplink-essentials.jar:/home/rod/netbeans-6.8/java3/modules/ext/toplink/toplink-essentials-agent.jar" />
    <property name="libs.spring-framework.javadoc" value="" />
    <property name="libs.CopyLibs.maven-pom" value="" />
    <property name="build.generated.dir" value="build/generated" />
    <property name="libs.eclipselink.maven-pom" value="" />
    <property name="os.name" value="Linux" />
    <property name="java.specification.vendor" value="Sun Microsystems Inc." />
    <property name="run.test.classpath" value=":build/classes:/home/rod/NetBeansProjects/ecalc/lib/junit_4/junit-4.5.jar:build/test/classes" />
    <property name="java.vm.name" value="Java HotSpot(TM) 64-Bit Server VM" />
    <property name="libs.CopyLibs.src" value="" />
    <property name="manifest.available-mkdist.available" value="true" />
    <property name="libs.junit.classpath" value="/home/rod/NetBeansProjects/ecalc/lib/junit/junit-3.8.2.jar" />
    <property name="libs.beans-binding.src" value="" />
    <property name="java.library.path" value="/usr/lib/jvm/java-6-oracle/jre/lib/amd64/server:/usr/lib/jvm/java-6-oracle/jre/lib/amd64:/usr/lib/jvm/java-6-oracle/jre/../lib/amd64:/usr/java/packages/lib/amd64:/usr/lib64:/lib64:/lib:/usr/lib" />
    <property name="libs.PostgreSQLDriver.javadoc" value="" />
    <property name="libs.toplink.javadoc" value="" />
    <property name="ant.java.version" value="1.6" />
    <property name="basedir" value="/home/rod/NetBeansProjects/ecalc" />
    <property name="javadoc.noindex" value="false" />
    <property name="java.class.version" value="50.0" />
    <property name="javac.test.classpath" value=":build/classes:/home/rod/NetBeansProjects/ecalc/lib/junit_4/junit-4.5.jar" />
    <property name="ant.home" value="/usr/share/ant" />
    <property name="libs.hibernate-persistence.src" value="" />
    <property name="javadoc.splitindex" value="true" />
    <property name="libs.toplink.src" value="" />
    <property name="libs.javac-api.javadoc" value="" />
    <property name="javadoc.preview" value="true" />
    <property name="libs.MySQLDriver.maven-pom" value="" />
    <property name="ant.file.type.ecalc-impl" value="file" />
    <property name="libs.CopyLibs.javadoc" value="" />
    <property name="libs.PostgreSQLDriver.classpath" value="/home/rod/netbeans-6.8/ide12/modules/ext/postgresql-8.3-603.jdbc3.jar" />
    <property name="libs.jaxws21.maven-pom" value="" />
    <property name="libs.junit_4.classpath" value="/home/rod/NetBeansProjects/ecalc/lib/junit_4/junit-4.5.jar" />
    <property name="sun.boot.library.path" value="/usr/lib/jvm/java-6-oracle/jre/lib/amd64" />
    <property name="build.dir" value="build" />
    <property name="application.title" value="ecalc" />
    <property name="sun.management.compiler" value="HotSpot 64-Bit Tiered Compilers" />
    <property name="libs.swing-app-framework.classpath" value="/home/rod/netbeans-6.8/java3/modules/ext/appframework-1.0.3.jar:/home/rod/netbeans-6.8/java3/modules/ext/swing-worker-1.1.jar" />
    <property name="libs.ejb3-persistence.javadoc" value="" />
    <property name="java.awt.graphicsenv" value="sun.awt.X11GraphicsEnvironment" />
    <property name="javadoc.encoding.used" value="UTF-8" />
    <property name="libraries.dir.nativedirsep" value="/home/rod/NetBeansProjects/ecalc/lib" />
    <property name="javadoc.windowtitle" value="" />
    <property name="libs.hibernate-support.src" value="" />
    <property name="run.jvmargs" value="" />
    <property name="build.generated.sources.dir" value="build/generated-sources" />
    <property name="ant.project.name" value="ecalc" />
    <property name="libs.swing-layout.classpath" value="/home/rod/netbeans-6.8/platform11/modules/ext/swing-layout-1.0.4.jar" />
    <property name="libs.spring-framework.classpath" value="/home/rod/netbeans-6.8/ide12/modules/ext/commons-logging-1.1.jar:/home/rod/netbeans-6.8/java3/modules/ext/cglib-2.2.jar:/home/rod/netbeans-6.8/java3/modules/ext/spring/spring-2.5.jar" />
    <property name="java.vm.specification.version" value="1.0" />
    <property name="work.dir" value="/home/rod/NetBeansProjects/ecalc" />
    <property name="libs.jaxb.classpath" value="/home/rod/netbeans-6.8/ide12/modules/ext/jaxb/activation.jar:/home/rod/netbeans-6.8/ide12/modules/ext/jaxb/api/jaxb-api.jar:/home/rod/netbeans-6.8/ide12/modules/ext/jaxb/jaxb-impl.jar:/home/rod/netbeans-6.8/ide12/modules/ext/jaxb/jaxb1-impl.jar:/home/rod/netbeans-6.8/ide12/modules/ext/jaxb/jaxb-xjc.jar:/home/rod/netbeans-6.8/ide12/modules/ext/jaxb/api/jsr173_api.jar" />
    <property name="manifest.available+main.class-mkdist.available" value="true" />
    <property name="javadoc.use" value="true" />
    <property name="sun.cpu.isalist" value="" />
    <property name="java.ext.dirs" value="/usr/lib/jvm/java-6-oracle/jre/lib/ext:/usr/java/packages/lib/ext" />
    <property name="os.version" value="3.13.0-24-generic" />
    <property name="excludes" value="" />
    <property name="user.home" value="/home/rod" />
    <property name="libraries.basename" value="nblibraries" />
    <property name="java.vm.vendor" value="Sun Microsystems Inc." />
    <property name="libs.absolutelayout.maven-pom" value="" />
    <property name="user.dir" value="/home/rod/NetBeansProjects/ecalc" />
    <property name="debug-transport" value="dt_socket" />
    <property name="libs.ejb3-persistence.maven-pom" value="" />
    <property name="application.args" value="3.2 + 4.1" />
    <property name="sun.cpu.endian" value="little" />
    <property name="compile.on.save" value="true" />
    <property name="libs.hibernate-support.classpath" value="/home/rod/netbeans-6.8/java3/modules/ext/hibernate/antlr-2.7.6.jar:/home/rod/netbeans-6.8/java3/modules/ext/hibernate/asm.jar:/home/rod/netbeans-6.8/java3/modules/ext/hibernate/asm-attrs.jar:/home/rod/netbeans-6.8/java3/modules/ext/hibernate/cglib-2.1.3.jar:/home/rod/netbeans-6.8/java3/modules/ext/hibernate/commons-collections-2.1.1.jar:/home/rod/netbeans-6.8/ide12/modules/ext/commons-logging-1.1.jar:/home/rod/netbeans-6.8/java3/modules/ext/hibernate/dom4j-1.6.1.jar:/home/rod/netbeans-6.8/java3/modules/ext/hibernate/ehcache-1.2.3.jar:/home/rod/netbeans-6.8/java3/modules/ext/hibernate/jdbc2_0-stdext.jar:/home/rod/netbeans-6.8/java3/modules/ext/hibernate/jta.jar:/home/rod/netbeans-6.8/java3/modules/ext/hibernate/hibernate3.jar:/home/rod/netbeans-6.8/java3/modules/ext/hibernate/hibernate-tools.jar:/home/rod/netbeans-6.8/java3/modules/ext/hibernate/hibernate-annotations.jar:/home/rod/netbeans-6.8/java3/modules/ext/hibernate/hibernate-commons-annotations.jar:/home/rod/netbeans-6.8/java3/modules/ext/hibernate/hibernate-entitymanager.jar:/home/rod/netbeans-6.8/java3/modules/ext/hibernate/javassist.jar" />
    <property name="endorsed.classpath.cmd.line.arg" value="" />
    <property name="java.vm.version" value="20.45-b01" />
    <property name="libraries.dir" value="/home/rod/NetBeansProjects/ecalc/lib" />
    <property name="libs.MySQLDriver.src" value="" />
    <property name="libs.hibernate-persistence.classpath" value="/home/rod/netbeans-6.8/java3/modules/ext/hibernate/antlr-2.7.6.jar:/home/rod/netbeans-6.8/java3/modules/ext/hibernate/asm.jar:/home/rod/netbeans-6.8/java3/modules/ext/hibernate/asm-attrs.jar:/home/rod/netbeans-6.8/java3/modules/ext/hibernate/cglib-2.1.3.jar:/home/rod/netbeans-6.8/java3/modules/ext/hibernate/commons-collections-2.1.1.jar:/home/rod/netbeans-6.8/ide12/modules/ext/commons-logging-1.1.jar:/home/rod/netbeans-6.8/java3/modules/ext/hibernate/dom4j-1.6.1.jar:/home/rod/netbeans-6.8/java3/modules/ext/hibernate/ehcache-1.2.3.jar:/home/rod/netbeans-6.8/java3/modules/ext/hibernate/jdbc2_0-stdext.jar:/home/rod/netbeans-6.8/java3/modules/ext/hibernate/jta.jar:/home/rod/netbeans-6.8/java3/modules/ext/hibernate/hibernate3.jar:/home/rod/netbeans-6.8/java3/modules/ext/hibernate/hibernate-tools.jar:/home/rod/netbeans-6.8/java3/modules/ext/hibernate/hibernate-annotations.jar:/home/rod/netbeans-6.8/java3/modules/ext/hibernate/hibernate-commons-annotations.jar:/home/rod/netbeans-6.8/java3/modules/ext/hibernate/hibernate-entitymanager.jar:/home/rod/netbeans-6.8/java3/modules/ext/hibernate/javassist.jar:/home/rod/netbeans-6.8/java3/modules/ext/hibernate/ejb3-persistence.jar" />
    <property name="java.class.path" value="/home/rod/NetBeansProjects/ecalc/build/classes:/home/rod/NetBeansProjects/ecalc/lib/junit_4/junit-4.5.jar:/home/rod/NetBeansProjects/ecalc/build/test/classes:/usr/share/ant/lib/junit.jar:/usr/share/java/ant-launcher-1.9.3.jar:/usr/share/ant/lib/ant.jar:/usr/share/ant/lib/ant-junit.jar:/usr/share/ant/lib/ant-junit4.jar" />
    <property name="ant.file.ecalc" value="/home/rod/NetBeansProjects/ecalc/build.xml" />
    <property name="ant.library.dir" value="/usr/share/ant/lib" />
    <property name="os.arch" value="amd64" />
    <property name="javac.deprecation" value="false" />
    <property name="nbplatform.default.netbeans.dest.dir" value="/home/rod/netbeans-6.8" />
    <property name="build.classes.excludes" value="**/*.java,**/*.form" />
    <property name="dist.dir" value="dist" />
    <property name="debug.classpath" value=":build/classes" />
    <property name="sun.java.launcher" value="SUN_STANDARD" />
    <property name="ant.core.lib" value="/usr/share/ant/lib/ant.jar" />
    <property name="java.vm.specification.vendor" value="Sun Microsystems Inc." />
    <property name="do.depend" value="false" />
    <property name="file.separator" value="/" />
    <property name="java.runtime.version" value="1.6.0_45-b06" />
    <property name="sun.boot.class.path" value="/usr/lib/jvm/java-6-oracle/jre/lib/resources.jar:/usr/lib/jvm/java-6-oracle/jre/lib/rt.jar:/usr/lib/jvm/java-6-oracle/jre/lib/sunrsasign.jar:/usr/lib/jvm/java-6-oracle/jre/lib/jsse.jar:/usr/lib/jvm/java-6-oracle/jre/lib/jce.jar:/usr/lib/jvm/java-6-oracle/jre/lib/charsets.jar:/usr/lib/jvm/java-6-oracle/jre/lib/modules/jdk.boot.jar:/usr/lib/jvm/java-6-oracle/jre/classes" />
    <property name="debug.test.classpath" value=":build/classes:/home/rod/NetBeansProjects/ecalc/lib/junit_4/junit-4.5.jar:build/test/classes" />
    <property name="libs.beans-binding.classpath" value="/home/rod/netbeans-6.8/java3/modules/ext/beansbinding-1.2.1.jar" />
    <property name="have.tests" value="true" />
    <property name="main.class" value="ecalc.Main" />
    <property name="libs.JWSAntTasks.maven-pom" value="" />
    <property name="libs.javac-api.classpath" value="/home/rod/netbeans-6.8/java3/modules/ext/javac-api-nb-7.0-b07.jar" />
    <property name="user.country" value="AU" />
    <property name="javadoc.notree" value="false" />
    <property name="libs.jaxws21.javadoc" value="/home/rod/netbeans-6.8/java3/docs/jaxws-api-doc.zip" />
    <property name="default.javac.target" value="1.6" />
    <property name="javadoc.additionalparam" value="" />
    <property name="javac.classpath" value="" />
    <property name="build.classes.dir" value="build/classes" />
    <property name="libs.swing-layout.javadoc" value="/home/rod/netbeans-6.8/platform11/docs/swing-layout-1.0.4-doc.zip" />
    <property name="libs.swing-layout.src" value="/home/rod/netbeans-6.8/platform11/docs/swing-layout-1.0.4-src.zip" />
    <property name="javac.target" value="1.5" />
    <property name="java.vendor" value="Sun Microsystems Inc." />
    <property name="libs.eclipselink.classpath" value="/home/rod/netbeans-6.8/java3/modules/ext/eclipselink/eclipselink-2.0.0.jar:/home/rod/netbeans-6.8/java3/modules/ext/eclipselink/eclipselink-javax.persistence-2.0.jar" />
    <property name="runtime.encoding" value="UTF-8" />
    <property name="libs.swing-app-framework.src" value="" />
    <property name="java.specification.version" value="1.6" />
    <property name="libs.JWSAntTasks.javadoc" value="" />
    <property name="sun.arch.data.model" value="64" />
  </properties>
  <testcase classname="ecalc.operations.DivisionTest" name="checkSymbolIsCorrect" time="0.0020" />
  <testcase classname="ecalc.operations.DivisionTest" name="testInteger" time="0.0020" />
  <testcase classname="ecalc.operations.DivisionTest" name="testFloat" time="0.0" />
  <testcase classname="ecalc.operations.DivisionTest" name="testNegative" time="0.0" />
  <system-out><![CDATA[]]></system-out>
  <system-err><![CDATA[]]></system-err>
</testsuite>
